This is pdfTeX, Version 3.141592653-2.6-1.40.23 (TeX Live 2021) (preloaded format=pdflatex 2021.7.11)  11 JUL 2021 16:55
entering extended mode
 restricted \write18 enabled.
 file:line:error style messages enabled.
 %&-line parsing enabled.
**/home/mingxis2/thesis/main.tex
(/home/mingxis2/thesis/main.tex
LaTeX2e <2021-06-01> patch level 1
L3 programming layer <2021-06-18> (./uiuc_csthesis21.cls
Document Class: uiuc_csthesis21 2021/05/17\ CS3.12\ UIUC Thesis (PJC)
(/home/mingxis2/texlive/2020/texmf-dist/tex/latex/setspace/setspace.sty
Package: setspace 2011/12/19 v6.7a set line spacing
) (/home/mingxis2/texlive/2020/texmf-dist/tex/latex/tools/indentfirst.sty
Package: indentfirst 1995/11/23 v1.03 Indent first paragraph (DPC)
) (/home/mingxis2/texlive/2020/texmf-dist/tex/latex/tools/calc.sty
Package: calc 2017/05/25 v4.3 Infix arithmetic (KKT,FJ)
\calc@Acount=\count182
\calc@Bcount=\count183
\calc@Adimen=\dimen138
\calc@Bdimen=\dimen139
\calc@Askip=\skip47
\calc@Bskip=\skip48
LaTeX Info: Redefining \setlength on input line 80.
LaTeX Info: Redefining \addtolength on input line 81.
\calc@Ccount=\count184
\calc@Cskip=\skip49
)
\thesis@parindent=\dimen140
 (/home/mingxis2/texlive/2020/texmf-dist/tex/latex/base/book.cls
Document Class: book 2021/02/12 v1.4n Standard LaTeX document class
(/home/mingxis2/texlive/2020/texmf-dist/tex/latex/base/bk12.clo
File: bk12.clo 2021/02/12 v1.4n Standard LaTeX file (size option)
)
\c@part=\count185
\c@chapter=\count186
\c@section=\count187
\c@subsection=\count188
\c@subsubsection=\count189
\c@paragraph=\count190
\c@subparagraph=\count191
\c@figure=\count192
\c@table=\count193
\abovecaptionskip=\skip50
\belowcaptionskip=\skip51
\bibindent=\dimen141
)
\degree@dept@max=\skip52
\degree@dept@wid=\skip53
\degree@dept@test=\box50
\thesis@chapskip=\skip54
\chaptertitleheight=\skip55
) (/home/mingxis2/texlive/2020/texmf-dist/tex/latex/natbib/natbib.sty
Package: natbib 2010/09/13 8.31b (PWD, AO)
\bibhang=\skip56
\bibsep=\skip57
LaTeX Info: Redefining \cite on input line 694.
\c@NAT@ctr=\count194
) (/home/mingxis2/texlive/2020/texmf-dist/tex/latex/url/url.sty
\Urlmuskip=\muskip16
Package: url 2013/09/16  ver 3.4  Verb mode for urls, etc.
) (/home/mingxis2/texlive/2020/texmf-dist/tex/latex/graphics/lscape.sty
Package: lscape 2020/05/28 v3.02 Landscape Pages (DPC)
 (/home/mingxis2/texlive/2020/texmf-dist/tex/latex/graphics/graphics.sty
Package: graphics 2021/03/04 v1.4d Standard LaTeX Graphics (DPC,SPQR)
 (/home/mingxis2/texlive/2020/texmf-dist/tex/latex/graphics/trig.sty
Package: trig 2016/01/03 v1.10 sin cos tan (DPC)
) (/home/mingxis2/texlive/2020/texmf-dist/tex/latex/graphics-cfg/graphics.cfg
File: graphics.cfg 2016/06/04 v1.11 sample graphics configuration
)
Package graphics Info: Driver file: pdftex.def on input line 107.
 (/home/mingxis2/texlive/2020/texmf-dist/tex/latex/graphics-def/pdftex.def
File: pdftex.def 2020/10/05 v1.2a Graphics/color driver for pdftex
))) (/home/mingxis2/texlive/2020/texmf-dist/tex/latex/graphics/graphicx.sty
Package: graphicx 2020/12/05 v1.2c Enhanced LaTeX Graphics (DPC,SPQR)
 (/home/mingxis2/texlive/2020/texmf-dist/tex/latex/graphics/keyval.sty
Package: keyval 2014/10/28 v1.15 key=value parser (DPC)
\KV@toks@=\toks16
)
\Gin@req@height=\dimen142
\Gin@req@width=\dimen143
) (/home/mingxis2/texlive/2020/texmf-dist/tex/latex/caption/caption.sty
Package: caption 2020/10/26 v3.5g Customizing captions (AR)
 (/home/mingxis2/texlive/2020/texmf-dist/tex/latex/caption/caption3.sty
Package: caption3 2020/10/21 v2.2e caption3 kernel (AR)
\captionmargin=\dimen144
\captionmargin@=\dimen145
\captionwidth=\dimen146
\caption@tempdima=\dimen147
\caption@indent=\dimen148
\caption@parindent=\dimen149
\caption@hangindent=\dimen150
Package caption Info: Standard document class detected.
)
\c@caption@flags=\count195
\c@continuedfloat=\count196
) (/home/mingxis2/texlive/2020/texmf-dist/tex/latex/booktabs/booktabs.sty
Package: booktabs 2020/01/12 v1.61803398 Publication quality tables
\heavyrulewidth=\dimen151
\lightrulewidth=\dimen152
\cmidrulewidth=\dimen153
\belowrulesep=\dimen154
\belowbottomsep=\dimen155
\aboverulesep=\dimen156
\abovetopsep=\dimen157
\cmidrulesep=\dimen158
\cmidrulekern=\dimen159
\defaultaddspace=\dimen160
\@cmidla=\count197
\@cmidlb=\count198
\@aboverulesep=\dimen161
\@belowrulesep=\dimen162
\@thisruleclass=\count199
\@lastruleclass=\count266
\@thisrulewidth=\dimen163
) (/home/mingxis2/texlive/2020/texmf-dist/tex/latex/amsfonts/amsfonts.sty
Package: amsfonts 2013/01/14 v3.01 Basic AMSFonts support
\@emptytoks=\toks17
\symAMSa=\mathgroup4
\symAMSb=\mathgroup5
LaTeX Font Info:    Redeclaring math symbol \hbar on input line 98.
LaTeX Font Info:    Overwriting math alphabet `\mathfrak' in version `bold'
(Font)                  U/euf/m/n --> U/euf/b/n on input line 106.
) (/home/mingxis2/texlive/2020/texmf-dist/tex/latex/amsmath/amsmath.sty
Package: amsmath 2021/04/20 v2.17j AMS math features
\@mathmargin=\skip58

For additional information on amsmath, use the `?' option.
(/home/mingxis2/texlive/2020/texmf-dist/tex/latex/amsmath/amstext.sty
Package: amstext 2000/06/29 v2.01 AMS text
 (/home/mingxis2/texlive/2020/texmf-dist/tex/latex/amsmath/amsgen.sty
File: amsgen.sty 1999/11/30 v2.0 generic functions
\@emptytoks=\toks18
\ex@=\dimen164
)) (/home/mingxis2/texlive/2020/texmf-dist/tex/latex/amsmath/amsbsy.sty
Package: amsbsy 1999/11/29 v1.2d Bold Symbols
\pmbraise@=\dimen165
) (/home/mingxis2/texlive/2020/texmf-dist/tex/latex/amsmath/amsopn.sty
Package: amsopn 2016/03/08 v2.02 operator names
)
\inf@bad=\count267
LaTeX Info: Redefining \frac on input line 234.
\uproot@=\count268
\leftroot@=\count269
LaTeX Info: Redefining \overline on input line 399.
\classnum@=\count270
\DOTSCASE@=\count271
LaTeX Info: Redefining \ldots on input line 496.
LaTeX Info: Redefining \dots on input line 499.
LaTeX Info: Redefining \cdots on input line 620.
\Mathstrutbox@=\box51
\strutbox@=\box52
\big@size=\dimen166
LaTeX Font Info:    Redeclaring font encoding OML on input line 743.
LaTeX Font Info:    Redeclaring font encoding OMS on input line 744.
\macc@depth=\count272
\c@MaxMatrixCols=\count273
\dotsspace@=\muskip17
\c@parentequation=\count274
\dspbrk@lvl=\count275
\tag@help=\toks19
\row@=\count276
\column@=\count277
\maxfields@=\count278
\andhelp@=\toks20
\eqnshift@=\dimen167
\alignsep@=\dimen168
\tagshift@=\dimen169
\tagwidth@=\dimen170
\totwidth@=\dimen171
\lineht@=\dimen172
\@envbody=\toks21
\multlinegap=\skip59
\multlinetaggap=\skip60
\mathdisplay@stack=\toks22
LaTeX Info: Redefining \[ on input line 2923.
LaTeX Info: Redefining \] on input line 2924.
) (/home/mingxis2/texlive/2020/texmf-dist/tex/latex/amsfonts/amssymb.sty
Package: amssymb 2013/01/14 v3.01 AMS font symbols
) (/home/mingxis2/texlive/2020/texmf-dist/tex/latex/amscls/amsthm.sty
Package: amsthm 2020/05/29 v2.20.6
\thm@style=\toks23
\thm@bodyfont=\toks24
\thm@headfont=\toks25
\thm@notefont=\toks26
\thm@headpunct=\toks27
\thm@preskip=\skip61
\thm@postskip=\skip62
\thm@headsep=\skip63
\dth@everypar=\toks28
) (./symbols.sty (/home/mingxis2/texlive/2020/texmf-dist/tex/latex/tools/xspace.sty
Package: xspace 2014/10/28 v1.13 Space after command names (DPC,MH)
)) (/home/mingxis2/texlive/2020/texmf-dist/tex/latex/caption/subcaption.sty
Package: subcaption 2020/10/07 v1.3j Sub-captions (AR)
\c@subfigure=\count279
\c@subtable=\count280
) (./math.tex (/home/mingxis2/texlive/2020/texmf-dist/tex/latex/tools/bm.sty
Package: bm 2021/04/25 v1.2e Bold Symbol Support (DPC/FMi)
\symboldoperators=\mathgroup6
\symboldletters=\mathgroup7
\symboldsymbols=\mathgroup8
Package bm Info: No bold for \OMX/cmex/m/n, using \pmb.
Package bm Info: No bold for \U/msa/m/n, using \pmb.
Package bm Info: No bold for \U/msb/m/n, using \pmb.
LaTeX Font Info:    Redeclaring math alphabet \mathbf on input line 149.
)
LaTeX Font Info:    Overwriting math alphabet `\mathsfit' in version `bold'
(Font)                  OT1/cmss/m/sl --> OT1/cmss/bx/n on input line 315.
)
\c@definition=\count281
\c@lemma=\count282
\c@theorem=\count283
\c@corollary=\count284
\c@conjecture=\count285
\c@remark=\count286
 (/home/mingxis2/texlive/2020/texmf-dist/tex/latex/listings/listings.sty
\lst@mode=\count287
\lst@gtempboxa=\box53
\lst@token=\toks29
\lst@length=\count288
\lst@currlwidth=\dimen173
\lst@column=\count289
\lst@pos=\count290
\lst@lostspace=\dimen174
\lst@width=\dimen175
\lst@newlines=\count291
\lst@lineno=\count292
\lst@maxwidth=\dimen176
 (/home/mingxis2/texlive/2020/texmf-dist/tex/latex/listings/lstmisc.sty
File: lstmisc.sty 2020/03/24 1.8d (Carsten Heinz)
\c@lstnumber=\count293
\lst@skipnumbers=\count294
\lst@framebox=\box54
) (/home/mingxis2/texlive/2020/texmf-dist/tex/latex/listings/listings.cfg
File: listings.cfg 2020/03/24 1.8d listings configuration
))
Package: listings 2020/03/24 1.8d (Carsten Heinz)
 (/home/mingxis2/texlive/2020/texmf-dist/tex/latex/algorithm2e/algorithm2e.sty
Package: algorithm2e 2017/07/18 v5.2 algorithms environments
\c@AlgoLine=\count295
 (/home/mingxis2/texlive/2020/texmf-dist/tex/latex/base/ifthen.sty
Package: ifthen 2020/11/24 v1.1c Standard LaTeX ifthen package (DPC)
)
\algocf@hangindent=\skip64
 (/home/mingxis2/texlive/2020/texmf-dist/tex/latex/ifoddpage/ifoddpage.sty
Package: ifoddpage 2016/04/23 v1.1 Conditionals for odd/even page detection
\c@checkoddpage=\count296
) (/home/mingxis2/texlive/2020/texmf-dist/tex/latex/relsize/relsize.sty
Package: relsize 2013/03/29 ver 4.1
)
\skiptotal=\skip65
\skiplinenumber=\skip66
\skiprule=\skip67
\skiphlne=\skip68
\skiptext=\skip69
\skiplength=\skip70
\algomargin=\skip71
\skipalgocfslide=\skip72
\algowidth=\dimen177
\inoutsize=\dimen178
\inoutindent=\dimen179
\interspacetitleruled=\dimen180
\interspacealgoruled=\dimen181
\interspacetitleboxruled=\dimen182
\algocf@ruledwidth=\skip73
\algocf@inoutbox=\box55
\algocf@inputbox=\box56
\AlCapSkip=\skip74
\AlCapHSkip=\skip75
\algoskipindent=\skip76
\algocf@nlbox=\box57
\algocf@hangingbox=\box58
\algocf@untilbox=\box59
\algocf@skipuntil=\skip77
\algocf@capbox=\box60
\algocf@lcaptionbox=\skip78
\algoheightruledefault=\skip79
\algoheightrule=\skip80
\algotitleheightruledefault=\skip81
\algotitleheightrule=\skip82
\c@algocfline=\count297
\c@algocfproc=\count298
\c@algocf=\count299
\algocf@algoframe=\box61
\algocf@algobox=\box62
) (/home/mingxis2/texlive/2020/texmf-dist/tex/latex/l3backend/l3backend-pdftex.def
File: l3backend-pdftex.def 2021-05-07 L3 backend support: PDF output (pdfTeX)
\l__color_backend_stack_int=\count300
\l__pdf_internal_box=\box63
) (./main.aux

LaTeX Warning: Label `chp:approach' multiply defined.


LaTeX Warning: Label `chp:approach' multiply defined.


LaTeX Warning: Label `chp:approach' multiply defined.


LaTeX Warning: Label `chp:approach' multiply defined.

)
\openout1 = `main.aux'.

LaTeX Font Info:    Checking defaults for OML/cmm/m/it on input line 105.
LaTeX Font Info:    ... okay on input line 105.
LaTeX Font Info:    Checking defaults for OMS/cmsy/m/n on input line 105.
LaTeX Font Info:    ... okay on input line 105.
LaTeX Font Info:    Checking defaults for OT1/cmr/m/n on input line 105.
LaTeX Font Info:    ... okay on input line 105.
LaTeX Font Info:    Checking defaults for T1/cmr/m/n on input line 105.
LaTeX Font Info:    ... okay on input line 105.
LaTeX Font Info:    Checking defaults for TS1/cmr/m/n on input line 105.
LaTeX Font Info:    ... okay on input line 105.
LaTeX Font Info:    Checking defaults for OMX/cmex/m/n on input line 105.
LaTeX Font Info:    ... okay on input line 105.
LaTeX Font Info:    Checking defaults for U/cmr/m/n on input line 105.
LaTeX Font Info:    ... okay on input line 105.
\chapternumberheight=\dimen183
 (/home/mingxis2/texlive/2020/texmf-dist/tex/context/base/mkii/supp-pdf.mkii
[Loading MPS to PDF converter (version 2006.09.02).]
\scratchcounter=\count301
\scratchdimen=\dimen184
\scratchbox=\box64
\nofMPsegments=\count302
\nofMParguments=\count303
\everyMPshowfont=\toks30
\MPscratchCnt=\count304
\MPscratchDim=\dimen185
\MPnumerator=\count305
\makeMPintoPDFobject=\count306
\everyMPtoPDFconversion=\toks31
) (/home/mingxis2/texlive/2020/texmf-dist/tex/latex/epstopdf-pkg/epstopdf-base.sty
Package: epstopdf-base 2020-01-24 v2.11 Base part for package epstopdf
Package epstopdf-base Info: Redefining graphics rule for `.eps' on input line 485.
 (/home/mingxis2/texlive/2020/texmf-dist/tex/latex/latexconfig/epstopdf-sys.cfg
File: epstopdf-sys.cfg 2010/07/13 v1.3 Configuration of (r)epstopdf for TeX Live
))
Package caption Info: Begin \AtBeginDocument code.
Package caption Info: listings package is loaded.
Package caption Info: End \AtBeginDocument code.
\c@lstlisting=\count307
 [1

{/home/mingxis2/texlive/2020/texmf-var/fonts/map/pdftex/updmap/pdftex.map}]
\thesis@dim=\dimen186
LaTeX Font Info:    Trying to load font information for U+msa on input line 116.
 (/home/mingxis2/texlive/2020/texmf-dist/tex/latex/amsfonts/umsa.fd
File: umsa.fd 2013/01/14 v3.01 AMS symbols A
)
LaTeX Font Info:    Trying to load font information for U+msb on input line 116.
 (/home/mingxis2/texlive/2020/texmf-dist/tex/latex/amsfonts/umsb.fd
File: umsb.fd 2013/01/14 v3.01 AMS symbols B
)
Underfull \vbox (badness 10000) detected at line 116
 []


Overfull \vbox (72.26999pt too high) detected at line 116
 []


Underfull \vbox (badness 10000) detected at line 116
 []


Underfull \vbox (badness 10000) detected at line 116
 []

[2]
Overfull \vbox (6.59834pt too high) detected at line 126
 []

[2


] [3]
Overfull \vbox (6.59834pt too high) detected at line 140
 []

[4

]
Overfull \vbox (6.59834pt too high) detected at line 147
 []

(./main.toc)
\tf@toc=\write3
\openout3 = `main.toc'.

 [5

]
CHAPTER 1.
(./intro.tex (./fig_pipeline.tex
<fig/pipeline.png, id=25, 2058.69125pt x 725.71124pt>
File: fig/pipeline.png Graphic file (type png)
<use fig/pipeline.png>
Package pdftex.def Info: fig/pipeline.png  used on input line 5.
(pdftex.def)             Requested size: 454.93057pt x 160.36566pt.
)) [1


] [2 <./fig/pipeline.png>]
CHAPTER 2.
(./background.tex [3

]) [4] [5]
CHAPTER 3.
(./approach.tex [6

] [7] [8]
<fig/3dproj.png, id=60, 609.27625pt x 518.93875pt>
File: fig/3dproj.png Graphic file (type png)
<use fig/3dproj.png>
Package pdftex.def Info: fig/3dproj.png  used on input line 45.
(pdftex.def)             Requested size: 304.63737pt x 259.46873pt.
 (./fig_reproj.tex
</home/mingxis2/amodal_segm_3d/data/good_examples/visual_179486_img.png, id=61, 1284.8pt x 803.0pt>
File: /home/mingxis2/amodal_segm_3d/data/good_examples/visual_179486_img.png Graphic file (type png)
<use /home/mingxis2/amodal_segm_3d/data/good_examples/visual_179486_img.png>
Package pdftex.def Info: /home/mingxis2/amodal_segm_3d/data/good_examples/visual_179486_img.png  used on input line 5.
(pdftex.def)             Requested size: 89.94519pt x 56.21574pt.

Overfull \hbox (0.83405pt too wide) in paragraph at lines 5--6
 [][] 
 []

</home/mingxis2/amodal_segm_3d/data/good_examples/visual_179486_img1.png, id=62, 1284.8pt x 803.0pt>
File: /home/mingxis2/amodal_segm_3d/data/good_examples/visual_179486_img1.png Graphic file (type png)
<use /home/mingxis2/amodal_segm_3d/data/good_examples/visual_179486_img1.png>
Package pdftex.def Info: /home/mingxis2/amodal_segm_3d/data/good_examples/visual_179486_img1.png  used on input line 9.
(pdftex.def)             Requested size: 89.94519pt x 56.21574pt.

Overfull \hbox (0.83405pt too wide) in paragraph at lines 9--10
 [][] 
 []

</home/mingxis2/amodal_segm_3d/data/good_examples/visual_179486_gt.png, id=63, 1284.8pt x 803.0pt>
File: /home/mingxis2/amodal_segm_3d/data/good_examples/visual_179486_gt.png Graphic file (type png)
<use /home/mingxis2/amodal_segm_3d/data/good_examples/visual_179486_gt.png>
Package pdftex.def Info: /home/mingxis2/amodal_segm_3d/data/good_examples/visual_179486_gt.png  used on input line 13.
(pdftex.def)             Requested size: 89.94519pt x 56.21574pt.

Overfull \hbox (0.83405pt too wide) in paragraph at lines 13--14
 [][] 
 []

</home/mingxis2/amodal_segm_3d/data/good_examples/visual_179486_w_np.png, id=64, 1284.8pt x 803.0pt>
File: /home/mingxis2/amodal_segm_3d/data/good_examples/visual_179486_w_np.png Graphic file (type png)
<use /home/mingxis2/amodal_segm_3d/data/good_examples/visual_179486_w_np.png>
Package pdftex.def Info: /home/mingxis2/amodal_segm_3d/data/good_examples/visual_179486_w_np.png  used on input line 17.
(pdftex.def)             Requested size: 89.94519pt x 56.21574pt.

Overfull \hbox (0.83405pt too wide) in paragraph at lines 17--18
 [][] 
 []

</home/mingxis2/amodal_segm_3d/data/good_examples/visual_179486_wo_np.png, id=65, 1284.8pt x 803.0pt>
File: /home/mingxis2/amodal_segm_3d/data/good_examples/visual_179486_wo_np.png Graphic file (type png)
<use /home/mingxis2/amodal_segm_3d/data/good_examples/visual_179486_wo_np.png>
Package pdftex.def Info: /home/mingxis2/amodal_segm_3d/data/good_examples/visual_179486_wo_np.png  used on input line 21.
(pdftex.def)             Requested size: 89.94519pt x 56.21574pt.

Overfull \hbox (0.83405pt too wide) in paragraph at lines 21--22
 [][] 
 []

</home/mingxis2/amodal_segm_3d/data/good_examples/visual_74577_img.png, id=66, 1284.8pt x 803.0pt>
File: /home/mingxis2/amodal_segm_3d/data/good_examples/visual_74577_img.png Graphic file (type png)
<use /home/mingxis2/amodal_segm_3d/data/good_examples/visual_74577_img.png>
Package pdftex.def Info: /home/mingxis2/amodal_segm_3d/data/good_examples/visual_74577_img.png  used on input line 31.
(pdftex.def)             Requested size: 89.94519pt x 56.21574pt.

Overfull \hbox (0.83405pt too wide) in paragraph at lines 31--32
 [][] 
 []

</home/mingxis2/amodal_segm_3d/data/good_examples/visual_74577_img1.png, id=67, 1284.8pt x 803.0pt>
File: /home/mingxis2/amodal_segm_3d/data/good_examples/visual_74577_img1.png Graphic file (type png)
<use /home/mingxis2/amodal_segm_3d/data/good_examples/visual_74577_img1.png>
Package pdftex.def Info: /home/mingxis2/amodal_segm_3d/data/good_examples/visual_74577_img1.png  used on input line 35.
(pdftex.def)             Requested size: 89.94519pt x 56.21574pt.

Overfull \hbox (0.83405pt too wide) in paragraph at lines 35--36
 [][] 
 []

</home/mingxis2/amodal_segm_3d/data/good_examples/visual_74577_gt.png, id=68, 1284.8pt x 803.0pt>
File: /home/mingxis2/amodal_segm_3d/data/good_examples/visual_74577_gt.png Graphic file (type png)
<use /home/mingxis2/amodal_segm_3d/data/good_examples/visual_74577_gt.png>
Package pdftex.def Info: /home/mingxis2/amodal_segm_3d/data/good_examples/visual_74577_gt.png  used on input line 39.
(pdftex.def)             Requested size: 89.94519pt x 56.21574pt.

Overfull \hbox (0.83405pt too wide) in paragraph at lines 39--40
 [][] 
 []

</home/mingxis2/amodal_segm_3d/data/good_examples/visual_74577_w_np.png, id=69, 1284.8pt x 803.0pt>
File: /home/mingxis2/amodal_segm_3d/data/good_examples/visual_74577_w_np.png Graphic file (type png)
<use /home/mingxis2/amodal_segm_3d/data/good_examples/visual_74577_w_np.png>
Package pdftex.def Info: /home/mingxis2/amodal_segm_3d/data/good_examples/visual_74577_w_np.png  used on input line 43.
(pdftex.def)             Requested size: 89.94519pt x 56.21574pt.

Overfull \hbox (0.83405pt too wide) in paragraph at lines 43--44
 [][] 
 []

</home/mingxis2/amodal_segm_3d/data/good_examples/visual_74577_wo_np.png, id=70, 1284.8pt x 803.0pt>
File: /home/mingxis2/amodal_segm_3d/data/good_examples/visual_74577_wo_np.png Graphic file (type png)
<use /home/mingxis2/amodal_segm_3d/data/good_examples/visual_74577_wo_np.png>
Package pdftex.def Info: /home/mingxis2/amodal_segm_3d/data/good_examples/visual_74577_wo_np.png  used on input line 47.
(pdftex.def)             Requested size: 89.94519pt x 56.21574pt.

Overfull \hbox (0.83405pt too wide) in paragraph at lines 47--48
 [][] 
 []

</home/mingxis2/amodal_segm_3d/data/good_examples/visual_76165_img.png, id=71, 1284.8pt x 803.0pt>
File: /home/mingxis2/amodal_segm_3d/data/good_examples/visual_76165_img.png Graphic file (type png)
<use /home/mingxis2/amodal_segm_3d/data/good_examples/visual_76165_img.png>
Package pdftex.def Info: /home/mingxis2/amodal_segm_3d/data/good_examples/visual_76165_img.png  used on input line 56.
(pdftex.def)             Requested size: 89.94519pt x 56.21574pt.

Overfull \hbox (0.83405pt too wide) in paragraph at lines 56--57
 [][] 
 []

</home/mingxis2/amodal_segm_3d/data/good_examples/visual_76165_img1.png, id=72, 1284.8pt x 803.0pt>
File: /home/mingxis2/amodal_segm_3d/data/good_examples/visual_76165_img1.png Graphic file (type png)
<use /home/mingxis2/amodal_segm_3d/data/good_examples/visual_76165_img1.png>
Package pdftex.def Info: /home/mingxis2/amodal_segm_3d/data/good_examples/visual_76165_img1.png  used on input line 60.
(pdftex.def)             Requested size: 89.94519pt x 56.21574pt.

Overfull \hbox (0.83405pt too wide) in paragraph at lines 60--61
 [][] 
 []

</home/mingxis2/amodal_segm_3d/data/good_examples/visual_76165_gt.png, id=73, 1284.8pt x 803.0pt>
File: /home/mingxis2/amodal_segm_3d/data/good_examples/visual_76165_gt.png Graphic file (type png)
<use /home/mingxis2/amodal_segm_3d/data/good_examples/visual_76165_gt.png>
Package pdftex.def Info: /home/mingxis2/amodal_segm_3d/data/good_examples/visual_76165_gt.png  used on input line 64.
(pdftex.def)             Requested size: 89.94519pt x 56.21574pt.

Overfull \hbox (0.83405pt too wide) in paragraph at lines 64--65
 [][] 
 []

</home/mingxis2/amodal_segm_3d/data/good_examples/visual_76165_w_np.png, id=74, 1284.8pt x 803.0pt>
File: /home/mingxis2/amodal_segm_3d/data/good_examples/visual_76165_w_np.png Graphic file (type png)
<use /home/mingxis2/amodal_segm_3d/data/good_examples/visual_76165_w_np.png>
Package pdftex.def Info: /home/mingxis2/amodal_segm_3d/data/good_examples/visual_76165_w_np.png  used on input line 68.
(pdftex.def)             Requested size: 89.94519pt x 56.21574pt.

Overfull \hbox (0.83405pt too wide) in paragraph at lines 68--69
 [][] 
 []

</home/mingxis2/amodal_segm_3d/data/good_examples/visual_76165_wo_np.png, id=75, 1284.8pt x 803.0pt>
File: /home/mingxis2/amodal_segm_3d/data/good_examples/visual_76165_wo_np.png Graphic file (type png)
<use /home/mingxis2/amodal_segm_3d/data/good_examples/visual_76165_wo_np.png>
Package pdftex.def Info: /home/mingxis2/amodal_segm_3d/data/good_examples/visual_76165_wo_np.png  used on input line 72.
(pdftex.def)             Requested size: 89.94519pt x 56.21574pt.

Overfull \hbox (0.83405pt too wide) in paragraph at lines 72--73
 [][] 
 []

</home/mingxis2/amodal_segm_3d/data/good_examples/visual_211770_img.png, id=76, 1284.8pt x 803.0pt>
File: /home/mingxis2/amodal_segm_3d/data/good_examples/visual_211770_img.png Graphic file (type png)
<use /home/mingxis2/amodal_segm_3d/data/good_examples/visual_211770_img.png>
Package pdftex.def Info: /home/mingxis2/amodal_segm_3d/data/good_examples/visual_211770_img.png  used on input line 82.
(pdftex.def)             Requested size: 89.94519pt x 56.21574pt.

Overfull \hbox (0.83405pt too wide) in paragraph at lines 82--83
 [][] 
 []

</home/mingxis2/amodal_segm_3d/data/good_examples/visual_211770_img1.png, id=77, 1284.8pt x 803.0pt>
File: /home/mingxis2/amodal_segm_3d/data/good_examples/visual_211770_img1.png Graphic file (type png)
<use /home/mingxis2/amodal_segm_3d/data/good_examples/visual_211770_img1.png>
Package pdftex.def Info: /home/mingxis2/amodal_segm_3d/data/good_examples/visual_211770_img1.png  used on input line 86.
(pdftex.def)             Requested size: 89.94519pt x 56.21574pt.

Overfull \hbox (0.83405pt too wide) in paragraph at lines 86--87
 [][] 
 []

</home/mingxis2/amodal_segm_3d/data/good_examples/visual_211770_gt.png, id=78, 1284.8pt x 803.0pt>
File: /home/mingxis2/amodal_segm_3d/data/good_examples/visual_211770_gt.png Graphic file (type png)
<use /home/mingxis2/amodal_segm_3d/data/good_examples/visual_211770_gt.png>
Package pdftex.def Info: /home/mingxis2/amodal_segm_3d/data/good_examples/visual_211770_gt.png  used on input line 90.
(pdftex.def)             Requested size: 89.94519pt x 56.21574pt.

Overfull \hbox (0.83405pt too wide) in paragraph at lines 90--91
 [][] 
 []

</home/mingxis2/amodal_segm_3d/data/good_examples/visual_211770_w_np.png, id=79, 1284.8pt x 803.0pt>
File: /home/mingxis2/amodal_segm_3d/data/good_examples/visual_211770_w_np.png Graphic file (type png)
<use /home/mingxis2/amodal_segm_3d/data/good_examples/visual_211770_w_np.png>
Package pdftex.def Info: /home/mingxis2/amodal_segm_3d/data/good_examples/visual_211770_w_np.png  used on input line 94.
(pdftex.def)             Requested size: 89.94519pt x 56.21574pt.

Overfull \hbox (0.83405pt too wide) in paragraph at lines 94--95
 [][] 
 []

</home/mingxis2/amodal_segm_3d/data/good_examples/visual_211770_wo_np.png, id=80, 1284.8pt x 803.0pt>
File: /home/mingxis2/amodal_segm_3d/data/good_examples/visual_211770_wo_np.png Graphic file (type png)
<use /home/mingxis2/amodal_segm_3d/data/good_examples/visual_211770_wo_np.png>
Package pdftex.def Info: /home/mingxis2/amodal_segm_3d/data/good_examples/visual_211770_wo_np.png  used on input line 98.
(pdftex.def)             Requested size: 89.94519pt x 56.21574pt.

Overfull \hbox (0.83405pt too wide) in paragraph at lines 98--99
 [][] 
 []

</home/mingxis2/amodal_segm_3d/data/good_examples/visual_29224_img.png, id=81, 1284.8pt x 803.0pt>
File: /home/mingxis2/amodal_segm_3d/data/good_examples/visual_29224_img.png Graphic file (type png)
<use /home/mingxis2/amodal_segm_3d/data/good_examples/visual_29224_img.png>
Package pdftex.def Info: /home/mingxis2/amodal_segm_3d/data/good_examples/visual_29224_img.png  used on input line 106.
(pdftex.def)             Requested size: 89.94519pt x 56.21574pt.

Overfull \hbox (0.83405pt too wide) in paragraph at lines 106--107
 [][] 
 []

</home/mingxis2/amodal_segm_3d/data/good_examples/visual_29224_img1.png, id=82, 1284.8pt x 803.0pt>
File: /home/mingxis2/amodal_segm_3d/data/good_examples/visual_29224_img1.png Graphic file (type png)
<use /home/mingxis2/amodal_segm_3d/data/good_examples/visual_29224_img1.png>
Package pdftex.def Info: /home/mingxis2/amodal_segm_3d/data/good_examples/visual_29224_img1.png  used on input line 110.
(pdftex.def)             Requested size: 89.94519pt x 56.21574pt.

Overfull \hbox (0.83405pt too wide) in paragraph at lines 110--111
 [][] 
 []

</home/mingxis2/amodal_segm_3d/data/good_examples/visual_29224_gt.png, id=83, 1284.8pt x 803.0pt>
File: /home/mingxis2/amodal_segm_3d/data/good_examples/visual_29224_gt.png Graphic file (type png)
<use /home/mingxis2/amodal_segm_3d/data/good_examples/visual_29224_gt.png>
Package pdftex.def Info: /home/mingxis2/amodal_segm_3d/data/good_examples/visual_29224_gt.png  used on input line 114.
(pdftex.def)             Requested size: 89.94519pt x 56.21574pt.

Overfull \hbox (0.83405pt too wide) in paragraph at lines 114--115
 [][] 
 []

</home/mingxis2/amodal_segm_3d/data/good_examples/visual_29224_w_np.png, id=84, 1284.8pt x 803.0pt>
File: /home/mingxis2/amodal_segm_3d/data/good_examples/visual_29224_w_np.png Graphic file (type png)
<use /home/mingxis2/amodal_segm_3d/data/good_examples/visual_29224_w_np.png>
Package pdftex.def Info: /home/mingxis2/amodal_segm_3d/data/good_examples/visual_29224_w_np.png  used on input line 118.
(pdftex.def)             Requested size: 89.94519pt x 56.21574pt.

Overfull \hbox (0.83405pt too wide) in paragraph at lines 118--119
 [][] 
 []

</home/mingxis2/amodal_segm_3d/data/good_examples/visual_29224_wo_np.png, id=85, 1284.8pt x 803.0pt>
File: /home/mingxis2/amodal_segm_3d/data/good_examples/visual_29224_wo_np.png Graphic file (type png)
<use /home/mingxis2/amodal_segm_3d/data/good_examples/visual_29224_wo_np.png>
Package pdftex.def Info: /home/mingxis2/amodal_segm_3d/data/good_examples/visual_29224_wo_np.png  used on input line 122.
(pdftex.def)             Requested size: 89.94519pt x 56.21574pt.

Overfull \hbox (0.83405pt too wide) in paragraph at lines 122--123
 [][] 
 []

</home/mingxis2/amodal_segm_3d/data/good_examples/visual_81815_img.png, id=86, 1284.8pt x 803.0pt>
File: /home/mingxis2/amodal_segm_3d/data/good_examples/visual_81815_img.png Graphic file (type png)
<use /home/mingxis2/amodal_segm_3d/data/good_examples/visual_81815_img.png>
Package pdftex.def Info: /home/mingxis2/amodal_segm_3d/data/good_examples/visual_81815_img.png  used on input line 131.
(pdftex.def)             Requested size: 89.94519pt x 56.21574pt.

Overfull \hbox (0.83405pt too wide) in paragraph at lines 131--132
 [][] 
 []

</home/mingxis2/amodal_segm_3d/data/good_examples/visual_81815_img1.png, id=87, 1284.8pt x 803.0pt>
File: /home/mingxis2/amodal_segm_3d/data/good_examples/visual_81815_img1.png Graphic file (type png)
<use /home/mingxis2/amodal_segm_3d/data/good_examples/visual_81815_img1.png>
Package pdftex.def Info: /home/mingxis2/amodal_segm_3d/data/good_examples/visual_81815_img1.png  used on input line 135.
(pdftex.def)             Requested size: 89.94519pt x 56.21574pt.

Overfull \hbox (0.83405pt too wide) in paragraph at lines 135--136
 [][] 
 []

</home/mingxis2/amodal_segm_3d/data/good_examples/visual_81815_gt.png, id=88, 1284.8pt x 803.0pt>
File: /home/mingxis2/amodal_segm_3d/data/good_examples/visual_81815_gt.png Graphic file (type png)
<use /home/mingxis2/amodal_segm_3d/data/good_examples/visual_81815_gt.png>
Package pdftex.def Info: /home/mingxis2/amodal_segm_3d/data/good_examples/visual_81815_gt.png  used on input line 139.
(pdftex.def)             Requested size: 89.94519pt x 56.21574pt.

Overfull \hbox (0.83405pt too wide) in paragraph at lines 139--140
 [][] 
 []

</home/mingxis2/amodal_segm_3d/data/good_examples/visual_81815_w_np.png, id=89, 1284.8pt x 803.0pt>
File: /home/mingxis2/amodal_segm_3d/data/good_examples/visual_81815_w_np.png Graphic file (type png)
<use /home/mingxis2/amodal_segm_3d/data/good_examples/visual_81815_w_np.png>
Package pdftex.def Info: /home/mingxis2/amodal_segm_3d/data/good_examples/visual_81815_w_np.png  used on input line 143.
(pdftex.def)             Requested size: 89.94519pt x 56.21574pt.

Overfull \hbox (0.83405pt too wide) in paragraph at lines 143--144
 [][] 
 []

</home/mingxis2/amodal_segm_3d/data/good_examples/visual_81815_wo_np.png, id=90, 1284.8pt x 803.0pt>
File: /home/mingxis2/amodal_segm_3d/data/good_examples/visual_81815_wo_np.png Graphic file (type png)
<use /home/mingxis2/amodal_segm_3d/data/good_examples/visual_81815_wo_np.png>
Package pdftex.def Info: /home/mingxis2/amodal_segm_3d/data/good_examples/visual_81815_wo_np.png  used on input line 147.
(pdftex.def)             Requested size: 89.94519pt x 56.21574pt.

Overfull \hbox (0.83405pt too wide) in paragraph at lines 147--148
 [][] 
 []

</home/mingxis2/amodal_segm_3d/data/good_examples/visual_34430_img.png, id=91, 1284.8pt x 803.0pt>
File: /home/mingxis2/amodal_segm_3d/data/good_examples/visual_34430_img.png Graphic file (type png)
<use /home/mingxis2/amodal_segm_3d/data/good_examples/visual_34430_img.png>
Package pdftex.def Info: /home/mingxis2/amodal_segm_3d/data/good_examples/visual_34430_img.png  used on input line 156.
(pdftex.def)             Requested size: 89.94519pt x 56.21574pt.

Overfull \hbox (0.83405pt too wide) in paragraph at lines 156--157
 [][] 
 []

</home/mingxis2/amodal_segm_3d/data/good_examples/visual_34430_img1.png, id=92, 1284.8pt x 803.0pt>
File: /home/mingxis2/amodal_segm_3d/data/good_examples/visual_34430_img1.png Graphic file (type png)
<use /home/mingxis2/amodal_segm_3d/data/good_examples/visual_34430_img1.png>
Package pdftex.def Info: /home/mingxis2/amodal_segm_3d/data/good_examples/visual_34430_img1.png  used on input line 160.
(pdftex.def)             Requested size: 89.94519pt x 56.21574pt.

Overfull \hbox (0.83405pt too wide) in paragraph at lines 160--161
 [][] 
 []

</home/mingxis2/amodal_segm_3d/data/good_examples/visual_34430_gt.png, id=93, 1284.8pt x 803.0pt>
File: /home/mingxis2/amodal_segm_3d/data/good_examples/visual_34430_gt.png Graphic file (type png)
<use /home/mingxis2/amodal_segm_3d/data/good_examples/visual_34430_gt.png>
Package pdftex.def Info: /home/mingxis2/amodal_segm_3d/data/good_examples/visual_34430_gt.png  used on input line 164.
(pdftex.def)             Requested size: 89.94519pt x 56.21574pt.

Overfull \hbox (0.83405pt too wide) in paragraph at lines 164--165
 [][] 
 []

</home/mingxis2/amodal_segm_3d/data/good_examples/visual_34430_w_np.png, id=94, 1284.8pt x 803.0pt>
File: /home/mingxis2/amodal_segm_3d/data/good_examples/visual_34430_w_np.png Graphic file (type png)
<use /home/mingxis2/amodal_segm_3d/data/good_examples/visual_34430_w_np.png>
Package pdftex.def Info: /home/mingxis2/amodal_segm_3d/data/good_examples/visual_34430_w_np.png  used on input line 168.
(pdftex.def)             Requested size: 89.94519pt x 56.21574pt.

Overfull \hbox (0.83405pt too wide) in paragraph at lines 168--169
 [][] 
 []

</home/mingxis2/amodal_segm_3d/data/good_examples/visual_34430_wo_np.png, id=95, 1284.8pt x 803.0pt>
File: /home/mingxis2/amodal_segm_3d/data/good_examples/visual_34430_wo_np.png Graphic file (type png)
<use /home/mingxis2/amodal_segm_3d/data/good_examples/visual_34430_wo_np.png>
Package pdftex.def Info: /home/mingxis2/amodal_segm_3d/data/good_examples/visual_34430_wo_np.png  used on input line 172.
(pdftex.def)             Requested size: 89.94519pt x 56.21574pt.

Overfull \hbox (0.83405pt too wide) in paragraph at lines 172--173
 [][] 
 []

</home/mingxis2/amodal_segm_3d/data/good_examples/visual_99358_img.png, id=96, 1284.8pt x 803.0pt>
File: /home/mingxis2/amodal_segm_3d/data/good_examples/visual_99358_img.png Graphic file (type png)
<use /home/mingxis2/amodal_segm_3d/data/good_examples/visual_99358_img.png>
Package pdftex.def Info: /home/mingxis2/amodal_segm_3d/data/good_examples/visual_99358_img.png  used on input line 181.
(pdftex.def)             Requested size: 89.94519pt x 56.21574pt.

Overfull \hbox (0.83405pt too wide) in paragraph at lines 181--182
 [][] 
 []

</home/mingxis2/amodal_segm_3d/data/good_examples/visual_99358_img1.png, id=97, 1284.8pt x 803.0pt>
File: /home/mingxis2/amodal_segm_3d/data/good_examples/visual_99358_img1.png Graphic file (type png)
<use /home/mingxis2/amodal_segm_3d/data/good_examples/visual_99358_img1.png>
Package pdftex.def Info: /home/mingxis2/amodal_segm_3d/data/good_examples/visual_99358_img1.png  used on input line 185.
(pdftex.def)             Requested size: 89.94519pt x 56.21574pt.

Overfull \hbox (0.83405pt too wide) in paragraph at lines 185--186
 [][] 
 []

</home/mingxis2/amodal_segm_3d/data/good_examples/visual_99358_gt.png, id=98, 1284.8pt x 803.0pt>
File: /home/mingxis2/amodal_segm_3d/data/good_examples/visual_99358_gt.png Graphic file (type png)
<use /home/mingxis2/amodal_segm_3d/data/good_examples/visual_99358_gt.png>
Package pdftex.def Info: /home/mingxis2/amodal_segm_3d/data/good_examples/visual_99358_gt.png  used on input line 189.
(pdftex.def)             Requested size: 89.94519pt x 56.21574pt.

Overfull \hbox (0.83405pt too wide) in paragraph at lines 189--190
 [][] 
 []

</home/mingxis2/amodal_segm_3d/data/good_examples/visual_99358_w_np.png, id=99, 1284.8pt x 803.0pt>
File: /home/mingxis2/amodal_segm_3d/data/good_examples/visual_99358_w_np.png Graphic file (type png)
<use /home/mingxis2/amodal_segm_3d/data/good_examples/visual_99358_w_np.png>
Package pdftex.def Info: /home/mingxis2/amodal_segm_3d/data/good_examples/visual_99358_w_np.png  used on input line 193.
(pdftex.def)             Requested size: 89.94519pt x 56.21574pt.

Overfull \hbox (0.83405pt too wide) in paragraph at lines 193--194
 [][] 
 []

</home/mingxis2/amodal_segm_3d/data/good_examples/visual_99358_wo_np.png, id=100, 1284.8pt x 803.0pt>
File: /home/mingxis2/amodal_segm_3d/data/good_examples/visual_99358_wo_np.png Graphic file (type png)
<use /home/mingxis2/amodal_segm_3d/data/good_examples/visual_99358_wo_np.png>
Package pdftex.def Info: /home/mingxis2/amodal_segm_3d/data/good_examples/visual_99358_wo_np.png  used on input line 197.
(pdftex.def)             Requested size: 89.94519pt x 56.21574pt.

Overfull \hbox (0.83405pt too wide) in paragraph at lines 197--198
 [][] 
 []

</home/mingxis2/amodal_segm_3d/data/good_examples/visual_69756_img.png, id=101, 1284.8pt x 803.0pt>
File: /home/mingxis2/amodal_segm_3d/data/good_examples/visual_69756_img.png Graphic file (type png)
<use /home/mingxis2/amodal_segm_3d/data/good_examples/visual_69756_img.png>
Package pdftex.def Info: /home/mingxis2/amodal_segm_3d/data/good_examples/visual_69756_img.png  used on input line 206.
(pdftex.def)             Requested size: 89.94519pt x 56.21574pt.

Overfull \hbox (0.83405pt too wide) in paragraph at lines 206--207
 [][] 
 []

</home/mingxis2/amodal_segm_3d/data/good_examples/visual_69756_img1.png, id=102, 1284.8pt x 803.0pt>
File: /home/mingxis2/amodal_segm_3d/data/good_examples/visual_69756_img1.png Graphic file (type png)
<use /home/mingxis2/amodal_segm_3d/data/good_examples/visual_69756_img1.png>
Package pdftex.def Info: /home/mingxis2/amodal_segm_3d/data/good_examples/visual_69756_img1.png  used on input line 210.
(pdftex.def)             Requested size: 89.94519pt x 56.21574pt.

Overfull \hbox (0.83405pt too wide) in paragraph at lines 210--211
 [][] 
 []

</home/mingxis2/amodal_segm_3d/data/good_examples/visual_69756_gt.png, id=103, 1284.8pt x 803.0pt>
File: /home/mingxis2/amodal_segm_3d/data/good_examples/visual_69756_gt.png Graphic file (type png)
<use /home/mingxis2/amodal_segm_3d/data/good_examples/visual_69756_gt.png>
Package pdftex.def Info: /home/mingxis2/amodal_segm_3d/data/good_examples/visual_69756_gt.png  used on input line 214.
(pdftex.def)             Requested size: 89.94519pt x 56.21574pt.

Overfull \hbox (0.83405pt too wide) in paragraph at lines 214--215
 [][] 
 []

</home/mingxis2/amodal_segm_3d/data/good_examples/visual_69756_w_np.png, id=104, 1284.8pt x 803.0pt>
File: /home/mingxis2/amodal_segm_3d/data/good_examples/visual_69756_w_np.png Graphic file (type png)
<use /home/mingxis2/amodal_segm_3d/data/good_examples/visual_69756_w_np.png>
Package pdftex.def Info: /home/mingxis2/amodal_segm_3d/data/good_examples/visual_69756_w_np.png  used on input line 218.
(pdftex.def)             Requested size: 89.94519pt x 56.21574pt.

Overfull \hbox (0.83405pt too wide) in paragraph at lines 218--219
 [][] 
 []

</home/mingxis2/amodal_segm_3d/data/good_examples/visual_69756_wo_np.png, id=105, 1284.8pt x 803.0pt>
File: /home/mingxis2/amodal_segm_3d/data/good_examples/visual_69756_wo_np.png Graphic file (type png)
<use /home/mingxis2/amodal_segm_3d/data/good_examples/visual_69756_wo_np.png>
Package pdftex.def Info: /home/mingxis2/amodal_segm_3d/data/good_examples/visual_69756_wo_np.png  used on input line 222.
(pdftex.def)             Requested size: 89.94519pt x 56.21574pt.

Overfull \hbox (0.83405pt too wide) in paragraph at lines 222--223
 [][] 
 []

)
<fig/270i.png, id=106, 994.71625pt x 625.33624pt>
File: fig/270i.png Graphic file (type png)
<use fig/270i.png>
Package pdftex.def Info: fig/270i.png  used on input line 56.
(pdftex.def)             Requested size: 198.93973pt x 125.06503pt.
<fig/271i.png, id=107, 994.71625pt x 626.34pt>
File: fig/271i.png Graphic file (type png)
<use fig/271i.png>
Package pdftex.def Info: fig/271i.png  used on input line 57.
(pdftex.def)             Requested size: 198.93973pt x 125.26578pt.
<fig/270r271.png, id=108, 603.25375pt x 440.64626pt>
File: fig/270r271.png Graphic file (type png)
<use fig/270r271.png>
Package pdftex.def Info: fig/270r271.png  used on input line 58.
(pdftex.def)             Requested size: 229.2388pt x 167.44731pt.
) [9 <./fig/3dproj.png> </home/mingxis2/amodal_segm_3d/data/good_examples/visual_179486_img.png (PNG copy)> </home/mingxis2/amodal_segm_3d/data/good_examples/visual_179486_img1.png (PNG copy)> </home/mingxis2/amodal_segm_3d/data/good_examples/visual_179486_gt.png (PNG copy)> </home/mingxis2/amodal_segm_3d/data/good_examples/visual_179486_w_np.png (PNG copy)> </home/mingxis2/amodal_segm_3d/data/good_examples/visual_179486_wo_np.png (PNG copy)>] [10 </home/mingxis2/amodal_segm_3d/data/good_examples/visual_74577_img.png (PNG copy)> </home/mingxis2/amodal_segm_3d/data/good_examples/visual_74577_img1.png (PNG copy)> </home/mingxis2/amodal_segm_3d/data/good_examples/visual_74577_gt.png (PNG copy)> </home/mingxis2/amodal_segm_3d/data/good_examples/visual_74577_w_np.png (PNG copy)> </home/mingxis2/amodal_segm_3d/data/good_examples/visual_74577_wo_np.png (PNG copy)> </home/mingxis2/amodal_segm_3d/data/good_examples/visual_76165_img.png (PNG copy)> </home/mingxis2/amodal_segm_3d/data/good_examples/visual_76165_img1.png (PNG copy)> </home/mingxis2/amodal_segm_3d/data/good_examples/visual_76165_gt.png (PNG copy)> </home/mingxis2/amodal_segm_3d/data/good_examples/visual_76165_w_np.png (PNG copy)> </home/mingxis2/amodal_segm_3d/data/good_examples/visual_76165_wo_np.png (PNG copy)> </home/mingxis2/amodal_segm_3d/data/good_examples/visual_211770_img.png (PNG copy)> </home/mingxis2/amodal_segm_3d/data/good_examples/visual_211770_img1.png (PNG copy)> </home/mingxis2/amodal_segm_3d/data/good_examples/visual_211770_gt.png (PNG copy)> </home/mingxis2/amodal_segm_3d/data/good_examples/visual_211770_w_np.png (PNG copy)> </home/mingxis2/amodal_segm_3d/data/good_examples/visual_211770_wo_np.png (PNG copy)> </home/mingxis2/amodal_segm_3d/data/good_examples/visual_29224_img.png (PNG copy)> </home/mingxis2/amodal_segm_3d/data/good_examples/visual_29224_img1.png (PNG copy)> </home/mingxis2/amodal_segm_3d/data/good_examples/visual_29224_gt.png (PNG copy)> </home/mingxis2/amodal_segm_3d/data/good_examples/visual_29224_w_np.png (PNG copy)> </home/mingxis2/amodal_segm_3d/data/good_examples/visual_29224_wo_np.png (PNG copy)> </home/mingxis2/amodal_segm_3d/data/good_examples/visual_81815_img.png (PNG copy)> </home/mingxis2/amodal_segm_3d/data/good_examples/visual_81815_img1.png (PNG copy)> </home/mingxis2/amodal_segm_3d/data/good_examples/visual_81815_gt.png (PNG copy)> </home/mingxis2/amodal_segm_3d/data/good_examples/visual_81815_w_np.png (PNG copy)> </home/mingxis2/amodal_segm_3d/data/good_examples/visual_81815_wo_np.png (PNG copy)> </home/mingxis2/amodal_segm_3d/data/good_examples/visual_34430_img.png (PNG copy)> </home/mingxis2/amodal_segm_3d/data/good_examples/visual_34430_img1.png (PNG copy)> </home/mingxis2/amodal_segm_3d/data/good_examples/visual_34430_gt.png (PNG copy)> </home/mingxis2/amodal_segm_3d/data/good_examples/visual_34430_w_np.png (PNG copy)> </home/mingxis2/amodal_segm_3d/data/good_examples/visual_34430_wo_np.png (PNG copy)>] [11 </home/mingxis2/amodal_segm_3d/data/good_examples/visual_99358_img.png (PNG copy)> </home/mingxis2/amodal_segm_3d/data/good_examples/visual_99358_img1.png (PNG copy)> </home/mingxis2/amodal_segm_3d/data/good_examples/visual_99358_gt.png (PNG copy)> </home/mingxis2/amodal_segm_3d/data/good_examples/visual_99358_w_np.png (PNG copy)> </home/mingxis2/amodal_segm_3d/data/good_examples/visual_99358_wo_np.png (PNG copy)> </home/mingxis2/amodal_segm_3d/data/good_examples/visual_69756_img.png (PNG copy)> </home/mingxis2/amodal_segm_3d/data/good_examples/visual_69756_img1.png (PNG copy)> </home/mingxis2/amodal_segm_3d/data/good_examples/visual_69756_gt.png (PNG copy)> </home/mingxis2/amodal_segm_3d/data/good_examples/visual_69756_w_np.png (PNG copy)> </home/mingxis2/amodal_segm_3d/data/good_examples/visual_69756_wo_np.png (PNG copy)> <./fig/270i.png> <./fig/271i.png> <./fig/270r271.png>]
CHAPTER 4.
(./experiments.tex

LaTeX Warning: Reference `fig:qual_result' on page 12 undefined on input line 23.

[12

]

LaTeX Warning: Reference `tab:abalation' on page 13 undefined on input line 34.


LaTeX Warning: Reference `subsec:multi_task_training' on page 13 undefined on input line 35.


LaTeX Warning: Reference `sec:temporal' on page 13 undefined on input line 38.


LaTeX Warning: Reference `sec:bbox' on page 13 undefined on input line 39.


LaTeX Warning: Reference `sec:segm' on page 13 undefined on input line 39.

[13]
<fig/weights_4.png, id=129, 1775.63374pt x 536.0025pt>
File: fig/weights_4.png Graphic file (type png)
<use fig/weights_4.png>
Package pdftex.def Info: fig/weights_4.png  used on input line 56.
(pdftex.def)             Requested size: 177.57378pt x 53.60338pt.
<fig/weights_3.png, id=130, 1763.58875pt x 699.61375pt>
File: fig/weights_3.png Graphic file (type png)
<use fig/weights_3.png>
Package pdftex.def Info: fig/weights_3.png  used on input line 62.
(pdftex.def)             Requested size: 211.62152pt x 83.95003pt.
<fig/pred.png, id=131, 2047.65pt x 258.9675pt>
File: fig/pred.png Graphic file (type png)
<use fig/pred.png>
Package pdftex.def Info: fig/pred.png  used on input line 69.
(pdftex.def)             Requested size: 470.9496pt x 59.56126pt.

Overfull \hbox (1.9496pt too wide) in paragraph at lines 69--70
 [][] 
 []

(./tab_sanitycheck.tex
Overfull \hbox (39.96936pt too wide) in alignment at lines 7--53
[] [] [] [] [] [] [] [] []
 []

) [14 <./fig/weights_4.png> <./fig/weights_3.png> <./fig/pred.png>]) [15]
CHAPTER 5.
(./result.tex (./tab_quan.tex)) [16

] [17]
CHAPTER 6.
(./discussion.tex) [18

]
CHAPTER 7.
(./fut.tex) [19

]
CHAPTER 8.
(./conclusions.tex) (./main.bbl [20

]
Overfull \vbox (6.59834pt too high) detected at line 3
 []

[21

] [22]) [23]
APPENDIX A.
(./appendix-reproj.tex) [24

] (./main.aux)

LaTeX Warning: There were undefined references.


LaTeX Warning: There were multiply-defined labels.

 ) 
Here is how much of TeX's memory you used:
 8176 strings out of 480477
 135425 string characters out of 5898511
 426814 words of memory out of 5000000
 25701 multiletter control sequences out of 15000+600000
 411528 words of font info for 56 fonts, out of 8000000 for 9000
 14 hyphenation exceptions out of 8191
 57i,13n,66p,1641b,401s stack positions out of 5000i,500n,10000p,200000b,80000s
{/home/mingxis2/texlive/2020/texmf-dist/fonts/enc/dvips/cm-super/cm-super-ts1.enc}</home/mingxis2/texlive/2020/texmf-dist/fonts/type1/public/amsfonts/cm/cmbx12.pfb></home/mingxis2/texlive/2020/texmf-dist/fonts/type1/public/amsfonts/cm/cmmi12.pfb></home/mingxis2/texlive/2020/texmf-dist/fonts/type1/public/amsfonts/cm/cmmi8.pfb></home/mingxis2/texlive/2020/texmf-dist/fonts/type1/public/amsfonts/cm/cmmib10.pfb></home/mingxis2/texlive/2020/texmf-dist/fonts/type1/public/amsfonts/cm/cmr12.pfb></home/mingxis2/texlive/2020/texmf-dist/fonts/type1/public/amsfonts/cm/cmr8.pfb></home/mingxis2/texlive/2020/texmf-dist/fonts/type1/public/amsfonts/cm/cmsy10.pfb></home/mingxis2/texlive/2020/texmf-dist/fonts/type1/public/amsfonts/cm/cmsy8.pfb></home/mingxis2/texlive/2020/texmf-dist/fonts/type1/public/amsfonts/cm/cmti12.pfb></home/mingxis2/texlive/2020/texmf-dist/fonts/type1/public/cm-super/sfrm1200.pfb>
Output written on main.pdf (30 pages, 29018688 bytes).
PDF statistics:
 213 PDF objects out of 1000 (max. 8388607)
 99 compressed objects within 1 object stream
 0 named destinations out of 1000 (max. 500000)
 266 words of extra memory for PDF output out of 10000 (max. 10000000)

